# JRE version: Java(TM) SE Runtime Environment (18.0.2+9) (build 18.0.2+9-61)
# Java VM: Java HotSpot(TM) 64-Bit Server VM (18.0.2+9-61, mixed mode, sharing, tiered, compressed oops, compressed class ptrs, g1 gc, windows-amd64)
GC Precious Log:
 CardTable entry size: 512
 Card Set container configuration: InlinePtr #cards 4 size 8 Array Of Cards #cards 16 size 48 Howl #buckets 8 coarsen threshold 3686 Howl Bitmap #cards 512 size 80 coarsen threshold 460 Card regions per heap region 1 cards per card region 4096
 CPUs: 4 total, 4 available
 Memory: 15986M
 Large Page Support: Disabled
 NUMA Support: Disabled
 Compressed Oops: Enabled (Zero based)
 Heap Region Size: 2M
 Heap Min Capacity: 8M
 Heap Initial Capacity: 250M
 Heap Max Capacity: 3998M
 Pre-touch: Disabled
 Parallel Workers: 4
 Concurrent Workers: 1
 Concurrent Refinement Workers: 4
 Periodic GC: Disabled
Heap:
 garbage-first heap   total 40960K, used 28190K [0x0000000706200000, 0x0000000800000000)
  region size 2048K, 9 young (18432K), 1 survivors (2048K)
 Metaspace       used 30257K, committed 30656K, reserved 1114112K
  class space    used 3464K, committed 3648K, reserved 1048576K
GC Heap History (20 events):
Event: 99.512 GC heap before
{Heap before GC invocations=9 (full 0):
 garbage-first heap   total 40960K, used 28306K [0x0000000706200000, 0x0000000800000000)
  region size 2048K, 8 young (16384K), 1 survivors (2048K)
 Metaspace       used 30170K, committed 30528K, reserved 1114112K
  class space    used 3456K, committed 3648K, reserved 1048576K
}
Event: 99.513 GC heap after
{Heap after GC invocations=10 (full 0):
 garbage-first heap   total 40960K, used 13830K [0x0000000706200000, 0x0000000800000000)
  region size 2048K, 1 young (2048K), 1 survivors (2048K)
 Metaspace       used 30170K, committed 30528K, reserved 1114112K
  class space    used 3456K, committed 3648K, reserved 1048576K
}
Event: 101.577 GC heap before
{Heap before GC invocations=10 (full 0):
 garbage-first heap   total 40960K, used 28166K [0x0000000706200000, 0x0000000800000000)
  region size 2048K, 8 young (16384K), 1 survivors (2048K)
 Metaspace       used 30174K, committed 30528K, reserved 1114112K
  class space    used 3456K, committed 3648K, reserved 1048576K
}
Event: 101.579 GC heap after
{Heap after GC invocations=11 (full 0):
 garbage-first heap   total 40960K, used 13795K [0x0000000706200000, 0x0000000800000000)
  region size 2048K, 1 young (2048K), 1 survivors (2048K)
 Metaspace       used 30174K, committed 30528K, reserved 1114112K
  class space    used 3456K, committed 3648K, reserved 1048576K
}
Event: 104.308 GC heap before
{Heap before GC invocations=11 (full 0):
 garbage-first heap   total 40960K, used 30179K [0x0000000706200000, 0x0000000800000000)
  region size 2048K, 9 young (18432K), 1 survivors (2048K)
 Metaspace       used 30181K, committed 30528K, reserved 1114112K
  class space    used 3456K, committed 3648K, reserved 1048576K
}
Event: 104.310 GC heap after
{Heap after GC invocations=12 (full 0):
 garbage-first heap   total 40960K, used 13795K [0x0000000706200000, 0x0000000800000000)
  region size 2048K, 1 young (2048K), 1 survivors (2048K)
 Metaspace       used 30181K, committed 30528K, reserved 1114112K
  class space    used 3456K, committed 3648K, reserved 1048576K
}
Event: 107.919 GC heap before
{Heap before GC invocations=12 (full 0):
 garbage-first heap   total 40960K, used 30179K [0x0000000706200000, 0x0000000800000000)
  region size 2048K, 9 young (18432K), 1 survivors (2048K)
 Metaspace       used 30189K, committed 30528K, reserved 1114112K
  class space    used 3457K, committed 3648K, reserved 1048576K
}
Event: 107.920 GC heap after
{Heap after GC invocations=13 (full 0):
 garbage-first heap   total 40960K, used 13806K [0x0000000706200000, 0x0000000800000000)
  region size 2048K, 1 young (2048K), 1 survivors (2048K)
 Metaspace       used 30189K, committed 30528K, reserved 1114112K
  class space    used 3457K, committed 3648K, reserved 1048576K
}
Event: 111.673 GC heap before
{Heap before GC invocations=13 (full 0):
 garbage-first heap   total 40960K, used 30190K [0x0000000706200000, 0x0000000800000000)
  region size 2048K, 9 young (18432K), 1 survivors (2048K)
 Metaspace       used 30192K, committed 30528K, reserved 1114112K
  class space    used 3457K, committed 3648K, reserved 1048576K
}
Event: 111.675 GC heap after
{Heap after GC invocations=14 (full 0):
 garbage-first heap   total 40960K, used 13806K [0x0000000706200000, 0x0000000800000000)
  region size 2048K, 1 young (2048K), 1 survivors (2048K)
 Metaspace       used 30192K, committed 30528K, reserved 1114112K
  class space    used 3457K, committed 3648K, reserved 1048576K
}
Event: 116.914 GC heap before
{Heap before GC invocations=14 (full 0):
 garbage-first heap   total 40960K, used 32238K [0x0000000706200000, 0x0000000800000000)
  region size 2048K, 10 young (20480K), 1 survivors (2048K)
 Metaspace       used 30215K, committed 30592K, reserved 1114112K
  class space    used 3457K, committed 3648K, reserved 1048576K
}
Event: 116.916 GC heap after
{Heap after GC invocations=15 (full 0):
 garbage-first heap   total 40960K, used 13809K [0x0000000706200000, 0x0000000800000000)
  region size 2048K, 1 young (2048K), 1 survivors (2048K)
 Metaspace       used 30215K, committed 30592K, reserved 1114112K
  class space    used 3457K, committed 3648K, reserved 1048576K
}
Event: 122.725 GC heap before
{Heap before GC invocations=15 (full 0):
 garbage-first heap   total 40960K, used 32241K [0x0000000706200000, 0x0000000800000000)
  region size 2048K, 10 young (20480K), 1 survivors (2048K)
 Metaspace       used 30215K, committed 30592K, reserved 1114112K
  class space    used 3457K, committed 3648K, reserved 1048576K
}
Event: 122.726 GC heap after
{Heap after GC invocations=16 (full 0):
 garbage-first heap   total 40960K, used 13813K [0x0000000706200000, 0x0000000800000000)
  region size 2048K, 1 young (2048K), 1 survivors (2048K)
 Metaspace       used 30215K, committed 30592K, reserved 1114112K
  class space    used 3457K, committed 3648K, reserved 1048576K
}
Event: 130.941 GC heap before
{Heap before GC invocations=16 (full 0):
 garbage-first heap   total 40960K, used 32245K [0x0000000706200000, 0x0000000800000000)
  region size 2048K, 10 young (20480K), 1 survivors (2048K)
 Metaspace       used 30220K, committed 30592K, reserved 1114112K
  class space    used 3459K, committed 3648K, reserved 1048576K
}
Event: 130.943 GC heap after
{Heap after GC invocations=17 (full 0):
 garbage-first heap   total 40960K, used 13831K [0x0000000706200000, 0x0000000800000000)
  region size 2048K, 1 young (2048K), 1 survivors (2048K)
 Metaspace       used 30220K, committed 30592K, reserved 1114112K
  class space    used 3459K, committed 3648K, reserved 1048576K
}
Event: 139.312 GC heap before
{Heap before GC invocations=17 (full 0):
 garbage-first heap   total 40960K, used 32263K [0x0000000706200000, 0x0000000800000000)
  region size 2048K, 10 young (20480K), 1 survivors (2048K)
 Metaspace       used 30242K, committed 30656K, reserved 1114112K
  class space    used 3463K, committed 3648K, reserved 1048576K
}
Event: 139.314 GC heap after
{Heap after GC invocations=18 (full 0):
 garbage-first heap   total 40960K, used 13833K [0x0000000706200000, 0x0000000800000000)
  region size 2048K, 1 young (2048K), 1 survivors (2048K)
 Metaspace       used 30242K, committed 30656K, reserved 1114112K
  class space    used 3463K, committed 3648K, reserved 1048576K
}
Event: 158.364 GC heap before
{Heap before GC invocations=18 (full 0):
 garbage-first heap   total 40960K, used 32265K [0x0000000706200000, 0x0000000800000000)
  region size 2048K, 10 young (20480K), 1 survivors (2048K)
 Metaspace       used 30247K, committed 30656K, reserved 1114112K
  class space    used 3463K, committed 3648K, reserved 1048576K
}
Event: 158.366 GC heap after
{Heap after GC invocations=19 (full 0):
 garbage-first heap   total 40960K, used 13854K [0x0000000706200000, 0x0000000800000000)
  region size 2048K, 1 young (2048K), 1 survivors (2048K)
 Metaspace       used 30247K, committed 30656K, reserved 1114112K
  class space    used 3463K, committed 3648K, reserved 1048576K
}

